

Version:	3.14
CmdLine:	C:\Users\dylan\Desktop\Qix\Qix.exe --l4j-debug
WOW64:		yes
Working dir:	C:\Users\dylan\Desktop\Qix\.
Java min ver:	1.006.000
Java max ver:	
64-bit search:	SOFTWARE\JavaSoft\Java Runtime Environment...
32-bit search:	SOFTWARE\JavaSoft\Java Runtime Environment...
64-bit search:	SOFTWARE\JavaSoft\Java Development Kit...
32-bit search:	SOFTWARE\JavaSoft\Java Development Kit...
64-bit search:	SOFTWARE\JavaSoft\JRE...
32-bit search:	SOFTWARE\JavaSoft\JRE...
64-bit search:	SOFTWARE\JavaSoft\JDK...
Check:		SOFTWARE\JavaSoft\JDK\14
Check launcher:	C:\Program Files\Java\jdk-14\bin\javaw.exe (OK)
Match:		1.014.000
Runtime used:	1.014.000 (64-bit)
Launcher:	C:\Program Files\Java\jdk-14\bin\javaw.exe
Launcher args:	-jar "C:\Users\dylan\Desktop\Qix\Qix.exe"
Args length:	41/32768 chars
Exit code:	0


Version:	3.14
CmdLine:	C:\Users\dylan\Desktop\Qix\Qix.exe --l4j-debug
WOW64:		yes
Working dir:	C:\Users\dylan\Desktop\Qix\.
Java min ver:	1.006.000
Java max ver:	
64-bit search:	SOFTWARE\JavaSoft\Java Runtime Environment...
32-bit search:	SOFTWARE\JavaSoft\Java Runtime Environment...
64-bit search:	SOFTWARE\JavaSoft\Java Development Kit...
32-bit search:	SOFTWARE\JavaSoft\Java Development Kit...
64-bit search:	SOFTWARE\JavaSoft\JRE...
32-bit search:	SOFTWARE\JavaSoft\JRE...
64-bit search:	SOFTWARE\JavaSoft\JDK...
Check:		SOFTWARE\JavaSoft\JDK\14
Check launcher:	C:\Program Files\Java\jdk-14\bin\javaw.exe (OK)
Match:		1.014.000
Runtime used:	1.014.000 (64-bit)
Launcher:	C:\Program Files\Java\jdk-14\bin\javaw.exe
Launcher args:	-jar "C:\Users\dylan\Desktop\Qix\Qix.exe"
Args length:	41/32768 chars
Exit code:	0
